Starting MAG pipeline at Tue Jan 27 00:36:41 CET 2026

[1m[38;5;232m[48;5;43m N E X T F L O W [0;2m  ~  [mversion 25.10.3[m
[K
Pulling nf-core/mag ...
 downloaded from https://github.com/nf-core/mag.git
Downloading plugin nf-schema@2.5.1
Launching[35m `https://github.com/nf-core/mag` [0;2m[[0;1;36mthirsty_bartik[0;2m] DSL2 - [36mrevision: [0;36mccfb744aab [main][m
[K

-[2m----------------------------------------------------[0m-
                                        [0;32m,--.[0;30m/[0;32m,-.[0m
[0;34m        ___     __   __   __   ___     [0;32m/,-._.--~'[0m
[0;34m  |\ | |__  __ /  ` /  \ |__) |__         [0;33m}  {[0m
[0;34m  | \| |       \__, \__/ |  \ |___     [0;32m\`-._,-`-,[0m
                                        [0;32m`._,._,'[0m
[0;35m  nf-core/mag 5.3.0[0m
-[2m----------------------------------------------------[0m-

[1mInput/output options[0m
  [0;34minput                   : [0;32m/Users/pmu15/Documents/github.com/hzi-bifo/Broker4Microbiota/v2/pipeline_output/MAG-20260126-003/samplesheet.csv[0m
  [0;34moutdir                  : [0;32m/Users/pmu15/Documents/github.com/hzi-bifo/Broker4Microbiota/v2/pipeline_output/MAG-20260126-003/output[0m

[1mGeneric options[0m
  [0;34mtrace_report_suffix     : [0;32m2026-01-27_00-37-03[0m

[1mTaxonomic profiling options[0m
  [0;34mgtdbtk_min_completeness : [0;32m50.0[0m
  [0;34mgtdbtk_max_contamination: [0;32m10.0[0m

[1mAssembly options[0m
  [0;34mskip_spades             : [0;32mtrue[0m

[1mGene prediction and annotation options[0m
  [0;34mskip_prokka             : [0;32mtrue[0m

[1mBin quality check options[0m
  [0;34mrun_busco               : [0;32mtrue[0m

[1mCore Nextflow options[0m
  [0;34mrevision                : [0;32mmain[0m
  [0;34mrunName                 : [0;32mthirsty_bartik[0m
  [0;34mlaunchDir               : [0;32m/Users/pmu15/Documents/github.com/hzi-bifo/Broker4Microbiota/v2/pipeline_output/MAG-20260126-003[0m
  [0;34mworkDir                 : [0;32m/Users/pmu15/Documents/github.com/hzi-bifo/Broker4Microbiota/v2/pipeline_output/MAG-20260126-003/work[0m
  [0;34mprojectDir              : [0;32m/Users/pmu15/.nextflow/assets/nf-core/mag[0m
  [0;34muserName                : [0;32mpmu15[0m
  [0;34mprofile                 : [0;32mstandard[0m
  [0;34mconfigFiles             : [0;32m/Users/pmu15/.nextflow/assets/nf-core/mag/nextflow.config[0m

!! Only displaying parameters that differ from the pipeline defaults !!
-[2m----------------------------------------------------[0m-

* The pipeline
    https://doi.org/10.1093/nargab/lqac007

* The nf-core framework
    https://doi.org/10.1038/s41587-020-0439-x

* Software dependencies
    https://github.com/nf-core/mag/blob/main/CITATIONS.md

Downloading plugin nf-amazon@3.4.3
[31mERROR ~ Validation of pipeline parameters failed!

 -- Check '.nextflow.log' file for details[39m[K
